<?xml version="1.0" encoding="UTF-8"?>
<!-- Generated by org.testng.reporters.JUnitReportReporter -->
<testsuite hostname="bcedbeecedffddaabcafcebcdbfbadaffdafa-0" failures="0" tests="3" name="testcases.Testcase1" time="20.688" errors="0" timestamp="2023-08-22T09:22:38 UTC" skipped="0">
  <testcase classname="testcases.Testcase1" name="Register" time="8.899"/>
  <testcase classname="testcases.Testcase1" name="Valid_Login_TC" time="4.751"/>
  <testcase classname="testcases.Testcase1" name="TC_Vote_003" time="7.038"/>
</testsuite> <!-- testcases.Testcase1 -->
